<?xml version="1.0" encoding="UTF-8"?>
<testng-results skipped="0" failed="0" total="1" passed="1">
  <reporter-output>
  </reporter-output>
  <suite name="Default suite" duration-ms="33993" started-at="2016-08-21T12:50:07Z" finished-at="2016-08-21T12:50:41Z">
    <groups>
    </groups>
    <test name="Default test" duration-ms="33993" started-at="2016-08-21T12:50:07Z" finished-at="2016-08-21T12:50:41Z">
      <class name="sample_prgroams.sampletest">
        <test-method status="PASS" signature="beforeMethod()[pri:0, instance:sample_prgroams.sampletest@3910af08]" name="beforeMethod" is-config="true" duration-ms="11" started-at="2016-08-21T18:20:07Z" finished-at="2016-08-21T18:20:07Z">
          <reporter-output>
          </reporter-output>
        </test-method> <!-- beforeMethod -->
        <test-method status="PASS" signature="f()[pri:0, instance:sample_prgroams.sampletest@3910af08]" name="f" duration-ms="33965" started-at="2016-08-21T18:20:07Z" finished-at="2016-08-21T18:20:41Z">
          <reporter-output>
          </reporter-output>
        </test-method> <!-- f -->
        <test-method status="PASS" signature="afterMethod()[pri:0, instance:sample_prgroams.sampletest@3910af08]" name="afterMethod" is-config="true" duration-ms="0" started-at="2016-08-21T18:20:41Z" finished-at="2016-08-21T18:20:41Z">
          <reporter-output>
          </reporter-output>
        </test-method> <!-- afterMethod -->
      </class> <!-- sample_prgroams.sampletest -->
    </test> <!-- Default test -->
  </suite> <!-- Default suite -->
</testng-results>
